2018-Nov-04 12:02:11 PM [main] INFO  org.dragberry.eshop.application.Application - Starting Application on maksim-ubuntu with PID 7355 (/home/maksim/Workspace/GitHub/eshop/eshop-backend/target/classes started by maksim in /home/maksim/Workspace/GitHub/eshop/eshop-backend)
2018-Nov-04 12:02:11 PM [main] DEBUG org.dragberry.eshop.application.Application - Running with Spring Boot v2.0.2.RELEASE, Spring v5.0.6.RELEASE
2018-Nov-04 12:02:11 PM [main] INFO  org.dragberry.eshop.application.Application - No active profile set, falling back to default profiles: default
2018-Nov-04 12:02:11 PM [main] INFO  org.springframework.boot.web.servlet.context.AnnotationConfigServletWebServerApplicationContext - Refreshing org.springframework.boot.web.servlet.context.AnnotationConfigServletWebServerApplicationContext@43aaf813: startup date [Sun Nov 04 12:02:11 MSK 2018]; root of context hierarchy
2018-Nov-04 12:02:14 PM [main] INFO  org.springframework.boot.web.embedded.tomcat.TomcatWebServer - Tomcat initialized with port(s): 8090 (http)
2018-Nov-04 12:02:14 PM [localhost-startStop-1] INFO  org.springframework.web.context.ContextLoader - Root WebApplicationContext: initialization completed in 2544 ms
2018-Nov-04 12:02:15 PM [localhost-startStop-1] INFO  org.hibernate.jpa.internal.util.LogHelper - HHH000204: Processing PersistenceUnitInfo [
	name: default
	...]
2018-Nov-04 12:02:15 PM [localhost-startStop-1] INFO  org.hibernate.Version - HHH000412: Hibernate Core {5.2.17.Final}
2018-Nov-04 12:02:15 PM [localhost-startStop-1] INFO  org.hibernate.cfg.Environment - HHH000206: hibernate.properties not found
2018-Nov-04 12:02:15 PM [localhost-startStop-1] INFO  org.hibernate.annotations.common.Version - HCANN000001: Hibernate Commons Annotations {5.0.1.Final}
2018-Nov-04 12:02:16 PM [localhost-startStop-1] INFO  org.hibernate.dialect.Dialect - HHH000400: Using dialect: org.hibernate.dialect.MySQL5Dialect
2018-Nov-04 12:02:17 PM [localhost-startStop-1] INFO  org.hibernate.hql.internal.QueryTranslatorFactoryInitiator - HHH000397: Using ASTQueryTranslatorFactory
2018-Nov-04 12:02:18 PM [localhost-startStop-1] WARN  org.thymeleaf.templatemode.TemplateMode - [THYMELEAF][localhost-startStop-1] Template Mode 'HTML5' is deprecated. Using Template Mode 'HTML' instead.
2018-Nov-04 12:02:19 PM [localhost-startStop-1] INFO  org.springframework.boot.web.servlet.FilterRegistrationBean - Mapping filter: 'deviceResolverRequestFilter' to: [/*]
2018-Nov-04 12:02:19 PM [localhost-startStop-1] INFO  org.springframework.boot.web.servlet.FilterRegistrationBean - Mapping filter: 'characterEncodingFilter' to: [/*]
2018-Nov-04 12:02:19 PM [localhost-startStop-1] INFO  org.springframework.boot.web.servlet.DelegatingFilterProxyRegistrationBean - Mapping filter: 'springSecurityFilterChain' to: [/*]
2018-Nov-04 12:02:19 PM [localhost-startStop-1] INFO  org.springframework.boot.web.servlet.FilterRegistrationBean - Mapping filter: 'requestLogFilter' to: [/*]
2018-Nov-04 12:02:19 PM [localhost-startStop-1] INFO  org.springframework.boot.web.servlet.FilterRegistrationBean - Mapping filter: 'authenticationTokenFilterBean' to: [/*]
2018-Nov-04 12:02:19 PM [localhost-startStop-1] INFO  org.springframework.boot.web.servlet.ServletRegistrationBean - Servlet dispatcherServlet mapped to [/]
2018-Nov-04 12:02:19 PM [localhost-startStop-1] DEBUG org.dragberry.eshop.filter.RequestLogFilter - Initializing filter 'requestLogFilter'
2018-Nov-04 12:02:19 PM [localhost-startStop-1] DEBUG org.dragberry.eshop.filter.RequestLogFilter - Filter 'requestLogFilter' configured successfully
2018-Nov-04 12:02:19 PM [localhost-startStop-1] DEBUG org.dragberry.eshop.cms.security.JwtAuthenticationTokenFilter - Initializing filter 'authenticationTokenFilterBean'
2018-Nov-04 12:02:19 PM [localhost-startStop-1] DEBUG org.dragberry.eshop.cms.security.JwtAuthenticationTokenFilter - Filter 'authenticationTokenFilterBean' configured successfully
2018-Nov-04 12:02:20 PM [main] WARN  org.springframework.boot.autoconfigure.orm.jpa.JpaBaseConfiguration$JpaWebConfiguration$JpaWebMvcConfiguration - spring.jpa.open-in-view is enabled by default. Therefore, database queries may be performed during view rendering. Explicitly configure spring.jpa.open-in-view to disable this warning
2018-Nov-04 12:02:20 PM [main] INFO  org.springframework.web.servlet.mvc.method.annotation.RequestMappingHandlerMapping - Mapped "{[/otzyvy-pokupatelei],methods=[GET]}" onto public org.springframework.web.servlet.ModelAndView org.dragberry.eshop.controller.MainController.comments(javax.servlet.http.HttpServletRequest)
2018-Nov-04 12:02:20 PM [main] INFO  org.springframework.web.servlet.mvc.method.annotation.RequestMappingHandlerMapping - Mapped "{[/error],methods=[GET]}" onto public java.lang.String org.dragberry.eshop.controller.MainController.error()
2018-Nov-04 12:02:20 PM [main] INFO  org.springframework.web.servlet.mvc.method.annotation.RequestMappingHandlerMapping - Mapped "{[/*],methods=[GET]}" onto public org.springframework.web.servlet.ModelAndView org.dragberry.eshop.controller.MainController.handlePage(javax.servlet.http.HttpServletRequest)
2018-Nov-04 12:02:20 PM [main] INFO  org.springframework.web.servlet.mvc.method.annotation.RequestMappingHandlerMapping - Mapped "{[/import/test],methods=[GET]}" onto public java.lang.String org.dragberry.eshop.controller.MainController.testImport() throws java.io.IOException
2018-Nov-04 12:02:20 PM [main] INFO  org.springframework.web.servlet.mvc.method.annotation.RequestMappingHandlerMapping - Mapped "{[/cart],methods=[GET]}" onto public org.springframework.web.servlet.ModelAndView org.dragberry.eshop.controller.cart.CartController.cartItems()
2018-Nov-04 12:02:20 PM [main] INFO  org.springframework.web.servlet.mvc.method.annotation.RequestMappingHandlerMapping - Mapped "{[/cart/state],methods=[PATCH]}" onto public org.dragberry.eshop.model.cart.CartState<?> org.dragberry.eshop.controller.cart.CartController.updateCart(org.dragberry.eshop.controller.cart.CartStateChange)
2018-Nov-04 12:02:20 PM [main] INFO  org.springframework.web.servlet.mvc.method.annotation.RequestMappingHandlerMapping - Mapped "{[/cart/submit-order],methods=[POST]}" onto public org.springframework.web.servlet.ModelAndView org.dragberry.eshop.controller.cart.CartController.submitOrder(org.dragberry.eshop.model.cart.OrderDetailsForm)
2018-Nov-04 12:02:20 PM [main] INFO  org.springframework.web.servlet.mvc.method.annotation.RequestMappingHandlerMapping - Mapped "{[/cart/quick-order],methods=[POST]}" onto public org.dragberry.eshop.common.ResultTO<org.dragberry.eshop.model.cart.QuickOrderDetails> org.dragberry.eshop.controller.cart.CartController.submitQuickOder(org.dragberry.eshop.model.cart.QuickOrderDetails)
2018-Nov-04 12:02:20 PM [main] INFO  org.springframework.web.servlet.mvc.method.annotation.RequestMappingHandlerMapping - Mapped "{[/cart/next],methods=[GET]}" onto public org.springframework.web.servlet.ModelAndView org.dragberry.eshop.controller.cart.CartController.nextStep()
2018-Nov-04 12:02:20 PM [main] INFO  org.springframework.web.servlet.mvc.method.annotation.RequestMappingHandlerMapping - Mapped "{[/cart/back],methods=[GET]}" onto public org.springframework.web.servlet.ModelAndView org.dragberry.eshop.controller.cart.CartController.backStep()
2018-Nov-04 12:02:20 PM [main] INFO  org.springframework.web.servlet.mvc.method.annotation.RequestMappingHandlerMapping - Mapped "{[/katalog/filter/{selectedCategory}],methods=[GET]}" onto public org.springframework.web.servlet.ModelAndView org.dragberry.eshop.controller.product.ProductController.filter(javax.servlet.http.HttpServletRequest,java.lang.String)
2018-Nov-04 12:02:20 PM [main] INFO  org.springframework.web.servlet.mvc.method.annotation.RequestMappingHandlerMapping - Mapped "{[/katalog/{selectedCategory}],methods=[GET]}" onto public org.springframework.web.servlet.ModelAndView org.dragberry.eshop.controller.product.ProductController.catalog(java.lang.String)
2018-Nov-04 12:02:20 PM [main] INFO  org.springframework.web.servlet.mvc.method.annotation.RequestMappingHandlerMapping - Mapped "{[/katalog/search],methods=[GET]}" onto public org.springframework.web.servlet.ModelAndView org.dragberry.eshop.controller.product.ProductController.search(java.lang.String)
2018-Nov-04 12:02:20 PM [main] INFO  org.springframework.web.servlet.mvc.method.annotation.RequestMappingHandlerMapping - Mapped "{[/katalog/{categoryReference}/{productReference}],methods=[GET]}" onto public org.springframework.web.servlet.ModelAndView org.dragberry.eshop.controller.product.ProductController.product(java.lang.String,java.lang.String,org.springframework.mobile.device.Device)
2018-Nov-04 12:02:20 PM [main] INFO  org.springframework.web.servlet.mvc.method.annotation.RequestMappingHandlerMapping - Mapped "{[/katalog/quick-search],methods=[GET]}" onto public org.springframework.web.servlet.ModelAndView org.dragberry.eshop.controller.product.ProductController.quickSearch(java.lang.String,java.util.Locale)
2018-Nov-04 12:02:20 PM [main] INFO  org.springframework.web.servlet.mvc.method.annotation.RequestMappingHandlerMapping - Mapped "{[/katalog/search/filter],methods=[GET]}" onto public org.springframework.web.servlet.ModelAndView org.dragberry.eshop.controller.product.ProductController.filterSearchResults(java.lang.String)
2018-Nov-04 12:02:20 PM [main] INFO  org.springframework.web.servlet.mvc.method.annotation.RequestMappingHandlerMapping - Mapped "{[/images/{folder}/{imageName:.+}],methods=[GET]}" onto public void org.dragberry.eshop.controller.product.ProductController.getImage(javax.servlet.http.HttpServletResponse,java.lang.String,java.lang.String) throws java.io.IOException
2018-Nov-04 12:02:20 PM [main] INFO  org.springframework.web.servlet.mvc.method.annotation.RequestMappingHandlerMapping - Mapped "{[/images/{productKey}/{productArticle}/{imageName:.+}],methods=[GET]}" onto public void org.dragberry.eshop.controller.product.ProductController.getProductImage(javax.servlet.http.HttpServletResponse,java.lang.Long,java.lang.String,java.lang.String) throws java.io.IOException
2018-Nov-04 12:02:20 PM [main] INFO  org.springframework.web.servlet.mvc.method.annotation.RequestMappingHandlerMapping - Mapped "{[/katalog/filter],methods=[GET]}" onto public org.springframework.web.servlet.ModelAndView org.dragberry.eshop.controller.product.ProductController.filterAll()
2018-Nov-04 12:02:20 PM [main] INFO  org.springframework.web.servlet.mvc.method.annotation.RequestMappingHandlerMapping - Mapped "{[/katalog],methods=[GET]}" onto public org.springframework.web.servlet.ModelAndView org.dragberry.eshop.controller.product.ProductController.catalogAll()
2018-Nov-04 12:02:20 PM [main] INFO  org.springframework.web.servlet.mvc.method.annotation.RequestMappingHandlerMapping - Mapped "{[/product/add-comment],methods=[POST]}" onto public org.dragberry.eshop.common.ResultTO<?> org.dragberry.eshop.controller.product.ProductController.addComment(org.dragberry.eshop.model.comment.ProductCommentRequest,javax.servlet.http.HttpServletRequest,java.util.Locale)
2018-Nov-04 12:02:20 PM [main] INFO  org.springframework.web.servlet.mvc.method.annotation.RequestMappingHandlerMapping - Mapped "{[/admin/login],methods=[POST]}" onto public org.springframework.http.ResponseEntity<?> org.dragberry.eshop.cms.controller.AuthenticationController.createAuthenticationToken(org.dragberry.eshop.cms.security.JwtAuthenticationRequest,org.springframework.mobile.device.Device) throws org.springframework.security.core.AuthenticationException
2018-Nov-04 12:02:20 PM [main] INFO  org.springframework.web.servlet.mvc.method.annotation.RequestMappingHandlerMapping - Mapped "{[/admin/refresh],methods=[GET]}" onto public org.springframework.http.ResponseEntity<?> org.dragberry.eshop.cms.controller.AuthenticationController.refreshAndGetAuthenticationToken(javax.servlet.http.HttpServletRequest)
2018-Nov-04 12:02:20 PM [main] INFO  org.springframework.web.servlet.mvc.method.annotation.RequestMappingHandlerMapping - Mapped "{[/admin/orders],methods=[GET]}" onto public org.dragberry.eshop.common.PageableList<org.dragberry.eshop.cms.model.OrderTO> org.dragberry.eshop.cms.controller.OrderController.getOrders(int,int,javax.servlet.http.HttpServletRequest)
2018-Nov-04 12:02:20 PM [main] INFO  org.springframework.web.servlet.mvc.method.annotation.RequestMappingHandlerMapping - Mapped "{[/admin/orders/{id}],methods=[GET]}" onto public org.dragberry.eshop.cms.model.OrderDetailsTO org.dragberry.eshop.cms.controller.OrderController.getOrderDetails(java.lang.Long)
2018-Nov-04 12:02:20 PM [main] INFO  org.springframework.web.servlet.mvc.method.annotation.RequestMappingHandlerMapping - Mapped "{[/admin/orders/{id}],methods=[PUT]}" onto public org.dragberry.eshop.common.ResultTO<org.dragberry.eshop.cms.model.OrderDetailsTO> org.dragberry.eshop.cms.controller.OrderController.updateDetails(java.lang.Long,org.dragberry.eshop.cms.model.OrderDetailsTO)
2018-Nov-04 12:02:20 PM [main] INFO  org.springframework.web.servlet.mvc.method.annotation.RequestMappingHandlerMapping - Mapped "{[/admin/payment/method/list],methods=[GET]}" onto public java.util.List<org.dragberry.eshop.model.payment.PaymentMethodTO> org.dragberry.eshop.cms.controller.PaymentController.getPaymentMethodList(org.dragberry.eshop.dal.entity.PaymentMethod$Status[])
2018-Nov-04 12:02:20 PM [main] INFO  org.springframework.web.servlet.mvc.method.annotation.RequestMappingHandlerMapping - Mapped "{[/admin/shipping/method/list],methods=[GET]}" onto public java.util.List<org.dragberry.eshop.model.shipping.ShippingMethodTO> org.dragberry.eshop.cms.controller.ShippingController.getShippingMethodList(org.dragberry.eshop.dal.entity.ShippingMethod$Status[])
2018-Nov-04 12:02:20 PM [main] INFO  org.springframework.web.servlet.mvc.method.annotation.RequestMappingHandlerMapping - Mapped "{[/error]}" onto public org.springframework.http.ResponseEntity<java.util.Map<java.lang.String, java.lang.Object>> org.springframework.boot.autoconfigure.web.servlet.error.BasicErrorController.error(javax.servlet.http.HttpServletRequest)
2018-Nov-04 12:02:20 PM [main] INFO  org.springframework.web.servlet.mvc.method.annotation.RequestMappingHandlerMapping - Mapped "{[/error],produces=[text/html]}" onto public org.springframework.web.servlet.ModelAndView org.springframework.boot.autoconfigure.web.servlet.error.BasicErrorController.errorHtml(javax.servlet.http.HttpServletRequest,javax.servlet.http.HttpServletResponse)
2018-Nov-04 12:02:20 PM [main] INFO  org.springframework.web.servlet.handler.SimpleUrlHandlerMapping - Mapped URL path [/**] onto handler of type [class org.springframework.web.servlet.resource.ResourceHttpRequestHandler]
2018-Nov-04 12:02:20 PM [main] INFO  org.springframework.web.servlet.mvc.method.annotation.RequestMappingHandlerAdapter - Looking for @ControllerAdvice: org.springframework.boot.web.servlet.context.AnnotationConfigServletWebServerApplicationContext@43aaf813: startup date [Sun Nov 04 12:02:11 MSK 2018]; root of context hierarchy
2018-Nov-04 12:02:21 PM [main] ERROR org.apache.catalina.core.StandardService - Failed to start connector [Connector[HTTP/1.1-8090]]
org.apache.catalina.LifecycleException: Failed to start component [Connector[HTTP/1.1-8090]]
	at org.apache.catalina.util.LifecycleBase.start(LifecycleBase.java:167) ~[tomcat-embed-core-8.5.31.jar:8.5.31]
	at org.apache.catalina.core.StandardService.addConnector(StandardService.java:225) [tomcat-embed-core-8.5.31.jar:8.5.31]
	at org.springframework.boot.web.embedded.tomcat.TomcatWebServer.addPreviouslyRemovedConnectors(TomcatWebServer.java:256) [spring-boot-2.0.2.RELEASE.jar:2.0.2.RELEASE]
	at org.springframework.boot.web.embedded.tomcat.TomcatWebServer.start(TomcatWebServer.java:198) [spring-boot-2.0.2.RELEASE.jar:2.0.2.RELEASE]
	at org.springframework.boot.web.servlet.context.ServletWebServerApplicationContext.startWebServer(ServletWebServerApplicationContext.java:300) [spring-boot-2.0.2.RELEASE.jar:2.0.2.RELEASE]
	at org.springframework.boot.web.servlet.context.ServletWebServerApplicationContext.finishRefresh(ServletWebServerApplicationContext.java:162) [spring-boot-2.0.2.RELEASE.jar:2.0.2.RELEASE]
	at org.springframework.context.support.AbstractApplicationContext.refresh(AbstractApplicationContext.java:553) [spring-context-5.0.6.RELEASE.jar:5.0.6.RELEASE]
	at org.springframework.boot.web.servlet.context.ServletWebServerApplicationContext.refresh(ServletWebServerApplicationContext.java:140) [spring-boot-2.0.2.RELEASE.jar:2.0.2.RELEASE]
	at org.springframework.boot.SpringApplication.refresh(SpringApplication.java:759) [spring-boot-2.0.2.RELEASE.jar:2.0.2.RELEASE]
	at org.springframework.boot.SpringApplication.refreshContext(SpringApplication.java:395) [spring-boot-2.0.2.RELEASE.jar:2.0.2.RELEASE]
	at org.springframework.boot.SpringApplication.run(SpringApplication.java:327) [spring-boot-2.0.2.RELEASE.jar:2.0.2.RELEASE]
	at org.springframework.boot.SpringApplication.run(SpringApplication.java:1255) [spring-boot-2.0.2.RELEASE.jar:2.0.2.RELEASE]
	at org.springframework.boot.SpringApplication.run(SpringApplication.java:1243) [spring-boot-2.0.2.RELEASE.jar:2.0.2.RELEASE]
	at org.dragberry.eshop.application.Application.main(Application.java:62) [classes/:?]
Caused by: org.apache.catalina.LifecycleException: Protocol handler start failed
	at org.apache.catalina.connector.Connector.startInternal(Connector.java:1020) ~[tomcat-embed-core-8.5.31.jar:8.5.31]
	at org.apache.catalina.util.LifecycleBase.start(LifecycleBase.java:150) ~[tomcat-embed-core-8.5.31.jar:8.5.31]
	... 13 more
Caused by: java.net.BindException: Address already in use
	at sun.nio.ch.Net.bind0(Native Method) ~[?:?]
	at sun.nio.ch.Net.bind(Net.java:433) ~[?:?]
	at sun.nio.ch.Net.bind(Net.java:425) ~[?:?]
	at sun.nio.ch.ServerSocketChannelImpl.bind(ServerSocketChannelImpl.java:225) ~[?:?]
	at sun.nio.ch.ServerSocketAdaptor.bind(ServerSocketAdaptor.java:74) ~[?:?]
	at org.apache.tomcat.util.net.NioEndpoint.bind(NioEndpoint.java:210) ~[tomcat-embed-core-8.5.31.jar:8.5.31]
	at org.apache.tomcat.util.net.AbstractEndpoint.start(AbstractEndpoint.java:1150) ~[tomcat-embed-core-8.5.31.jar:8.5.31]
	at org.apache.coyote.AbstractProtocol.start(AbstractProtocol.java:591) ~[tomcat-embed-core-8.5.31.jar:8.5.31]
	at org.apache.catalina.connector.Connector.startInternal(Connector.java:1018) ~[tomcat-embed-core-8.5.31.jar:8.5.31]
	at org.apache.catalina.util.LifecycleBase.start(LifecycleBase.java:150) ~[tomcat-embed-core-8.5.31.jar:8.5.31]
	... 13 more
2018-Nov-04 12:02:21 PM [main] INFO  org.springframework.boot.autoconfigure.logging.ConditionEvaluationReportLoggingListener - 

Error starting ApplicationContext. To display the conditions report re-run your application with 'debug' enabled.
2018-Nov-04 12:02:21 PM [main] ERROR org.springframework.boot.diagnostics.LoggingFailureAnalysisReporter - 

***************************
APPLICATION FAILED TO START
***************************

Description:

The Tomcat connector configured to listen on port 8090 failed to start. The port may already be in use or the connector may be misconfigured.

Action:

Verify the connector's configuration, identify and stop any process that's listening on port 8090, or configure this application to listen on another port.

2018-Nov-04 12:02:21 PM [main] INFO  org.springframework.boot.web.servlet.context.AnnotationConfigServletWebServerApplicationContext - Closing org.springframework.boot.web.servlet.context.AnnotationConfigServletWebServerApplicationContext@43aaf813: startup date [Sun Nov 04 12:02:11 MSK 2018]; root of context hierarchy
2018-Nov-04 12:03:31 PM [main] INFO  org.dragberry.eshop.application.Application - Starting Application on maksim-ubuntu with PID 7499 (/home/maksim/Workspace/GitHub/eshop/eshop-backend/target/classes started by maksim in /home/maksim/Workspace/GitHub/eshop/eshop-backend)
2018-Nov-04 12:03:31 PM [main] DEBUG org.dragberry.eshop.application.Application - Running with Spring Boot v2.0.2.RELEASE, Spring v5.0.6.RELEASE
2018-Nov-04 12:03:31 PM [main] INFO  org.dragberry.eshop.application.Application - No active profile set, falling back to default profiles: default
2018-Nov-04 12:03:31 PM [main] INFO  org.springframework.boot.web.servlet.context.AnnotationConfigServletWebServerApplicationContext - Refreshing org.springframework.boot.web.servlet.context.AnnotationConfigServletWebServerApplicationContext@33aeca0b: startup date [Sun Nov 04 12:03:31 MSK 2018]; root of context hierarchy
2018-Nov-04 12:03:34 PM [main] INFO  org.springframework.boot.web.embedded.tomcat.TomcatWebServer - Tomcat initialized with port(s): 8090 (http)
2018-Nov-04 12:03:34 PM [localhost-startStop-1] INFO  org.springframework.web.context.ContextLoader - Root WebApplicationContext: initialization completed in 3076 ms
2018-Nov-04 12:03:35 PM [localhost-startStop-1] INFO  org.hibernate.jpa.internal.util.LogHelper - HHH000204: Processing PersistenceUnitInfo [
	name: default
	...]
2018-Nov-04 12:03:36 PM [localhost-startStop-1] INFO  org.hibernate.Version - HHH000412: Hibernate Core {5.2.17.Final}
2018-Nov-04 12:03:36 PM [localhost-startStop-1] INFO  org.hibernate.cfg.Environment - HHH000206: hibernate.properties not found
2018-Nov-04 12:03:36 PM [localhost-startStop-1] INFO  org.hibernate.annotations.common.Version - HCANN000001: Hibernate Commons Annotations {5.0.1.Final}
2018-Nov-04 12:03:36 PM [localhost-startStop-1] INFO  org.hibernate.dialect.Dialect - HHH000400: Using dialect: org.hibernate.dialect.MySQL5Dialect
2018-Nov-04 12:03:38 PM [localhost-startStop-1] INFO  org.hibernate.hql.internal.QueryTranslatorFactoryInitiator - HHH000397: Using ASTQueryTranslatorFactory
2018-Nov-04 12:03:39 PM [localhost-startStop-1] WARN  org.thymeleaf.templatemode.TemplateMode - [THYMELEAF][localhost-startStop-1] Template Mode 'HTML5' is deprecated. Using Template Mode 'HTML' instead.
2018-Nov-04 12:03:40 PM [localhost-startStop-1] INFO  org.springframework.boot.web.servlet.FilterRegistrationBean - Mapping filter: 'deviceResolverRequestFilter' to: [/*]
2018-Nov-04 12:03:40 PM [localhost-startStop-1] INFO  org.springframework.boot.web.servlet.FilterRegistrationBean - Mapping filter: 'characterEncodingFilter' to: [/*]
2018-Nov-04 12:03:40 PM [localhost-startStop-1] INFO  org.springframework.boot.web.servlet.DelegatingFilterProxyRegistrationBean - Mapping filter: 'springSecurityFilterChain' to: [/*]
2018-Nov-04 12:03:40 PM [localhost-startStop-1] INFO  org.springframework.boot.web.servlet.FilterRegistrationBean - Mapping filter: 'requestLogFilter' to: [/*]
2018-Nov-04 12:03:40 PM [localhost-startStop-1] INFO  org.springframework.boot.web.servlet.FilterRegistrationBean - Mapping filter: 'authenticationTokenFilterBean' to: [/*]
2018-Nov-04 12:03:40 PM [localhost-startStop-1] INFO  org.springframework.boot.web.servlet.ServletRegistrationBean - Servlet dispatcherServlet mapped to [/]
2018-Nov-04 12:03:40 PM [localhost-startStop-1] DEBUG org.dragberry.eshop.filter.RequestLogFilter - Initializing filter 'requestLogFilter'
2018-Nov-04 12:03:40 PM [localhost-startStop-1] DEBUG org.dragberry.eshop.filter.RequestLogFilter - Filter 'requestLogFilter' configured successfully
2018-Nov-04 12:03:40 PM [localhost-startStop-1] DEBUG org.dragberry.eshop.cms.security.JwtAuthenticationTokenFilter - Initializing filter 'authenticationTokenFilterBean'
2018-Nov-04 12:03:40 PM [localhost-startStop-1] DEBUG org.dragberry.eshop.cms.security.JwtAuthenticationTokenFilter - Filter 'authenticationTokenFilterBean' configured successfully
2018-Nov-04 12:03:41 PM [main] WARN  org.springframework.boot.autoconfigure.orm.jpa.JpaBaseConfiguration$JpaWebConfiguration$JpaWebMvcConfiguration - spring.jpa.open-in-view is enabled by default. Therefore, database queries may be performed during view rendering. Explicitly configure spring.jpa.open-in-view to disable this warning
2018-Nov-04 12:03:41 PM [main] INFO  org.springframework.web.servlet.mvc.method.annotation.RequestMappingHandlerMapping - Mapped "{[/otzyvy-pokupatelei],methods=[GET]}" onto public org.springframework.web.servlet.ModelAndView org.dragberry.eshop.controller.MainController.comments(javax.servlet.http.HttpServletRequest)
2018-Nov-04 12:03:41 PM [main] INFO  org.springframework.web.servlet.mvc.method.annotation.RequestMappingHandlerMapping - Mapped "{[/error],methods=[GET]}" onto public java.lang.String org.dragberry.eshop.controller.MainController.error()
2018-Nov-04 12:03:41 PM [main] INFO  org.springframework.web.servlet.mvc.method.annotation.RequestMappingHandlerMapping - Mapped "{[/*],methods=[GET]}" onto public org.springframework.web.servlet.ModelAndView org.dragberry.eshop.controller.MainController.handlePage(javax.servlet.http.HttpServletRequest)
2018-Nov-04 12:03:41 PM [main] INFO  org.springframework.web.servlet.mvc.method.annotation.RequestMappingHandlerMapping - Mapped "{[/import/test],methods=[GET]}" onto public java.lang.String org.dragberry.eshop.controller.MainController.testImport() throws java.io.IOException
2018-Nov-04 12:03:42 PM [main] INFO  org.springframework.web.servlet.mvc.method.annotation.RequestMappingHandlerMapping - Mapped "{[/cart],methods=[GET]}" onto public org.springframework.web.servlet.ModelAndView org.dragberry.eshop.controller.cart.CartController.cartItems()
2018-Nov-04 12:03:42 PM [main] INFO  org.springframework.web.servlet.mvc.method.annotation.RequestMappingHandlerMapping - Mapped "{[/cart/state],methods=[PATCH]}" onto public org.dragberry.eshop.model.cart.CartState<?> org.dragberry.eshop.controller.cart.CartController.updateCart(org.dragberry.eshop.controller.cart.CartStateChange)
2018-Nov-04 12:03:42 PM [main] INFO  org.springframework.web.servlet.mvc.method.annotation.RequestMappingHandlerMapping - Mapped "{[/cart/submit-order],methods=[POST]}" onto public org.springframework.web.servlet.ModelAndView org.dragberry.eshop.controller.cart.CartController.submitOrder(org.dragberry.eshop.model.cart.OrderDetailsForm)
2018-Nov-04 12:03:42 PM [main] INFO  org.springframework.web.servlet.mvc.method.annotation.RequestMappingHandlerMapping - Mapped "{[/cart/quick-order],methods=[POST]}" onto public org.dragberry.eshop.common.ResultTO<org.dragberry.eshop.model.cart.QuickOrderDetails> org.dragberry.eshop.controller.cart.CartController.submitQuickOder(org.dragberry.eshop.model.cart.QuickOrderDetails)
2018-Nov-04 12:03:42 PM [main] INFO  org.springframework.web.servlet.mvc.method.annotation.RequestMappingHandlerMapping - Mapped "{[/cart/next],methods=[GET]}" onto public org.springframework.web.servlet.ModelAndView org.dragberry.eshop.controller.cart.CartController.nextStep()
2018-Nov-04 12:03:42 PM [main] INFO  org.springframework.web.servlet.mvc.method.annotation.RequestMappingHandlerMapping - Mapped "{[/cart/back],methods=[GET]}" onto public org.springframework.web.servlet.ModelAndView org.dragberry.eshop.controller.cart.CartController.backStep()
2018-Nov-04 12:03:42 PM [main] INFO  org.springframework.web.servlet.mvc.method.annotation.RequestMappingHandlerMapping - Mapped "{[/katalog/filter/{selectedCategory}],methods=[GET]}" onto public org.springframework.web.servlet.ModelAndView org.dragberry.eshop.controller.product.ProductController.filter(javax.servlet.http.HttpServletRequest,java.lang.String)
2018-Nov-04 12:03:42 PM [main] INFO  org.springframework.web.servlet.mvc.method.annotation.RequestMappingHandlerMapping - Mapped "{[/katalog/{selectedCategory}],methods=[GET]}" onto public org.springframework.web.servlet.ModelAndView org.dragberry.eshop.controller.product.ProductController.catalog(java.lang.String)
2018-Nov-04 12:03:42 PM [main] INFO  org.springframework.web.servlet.mvc.method.annotation.RequestMappingHandlerMapping - Mapped "{[/katalog/search],methods=[GET]}" onto public org.springframework.web.servlet.ModelAndView org.dragberry.eshop.controller.product.ProductController.search(java.lang.String)
2018-Nov-04 12:03:42 PM [main] INFO  org.springframework.web.servlet.mvc.method.annotation.RequestMappingHandlerMapping - Mapped "{[/katalog/{categoryReference}/{productReference}],methods=[GET]}" onto public org.springframework.web.servlet.ModelAndView org.dragberry.eshop.controller.product.ProductController.product(java.lang.String,java.lang.String,org.springframework.mobile.device.Device)
2018-Nov-04 12:03:42 PM [main] INFO  org.springframework.web.servlet.mvc.method.annotation.RequestMappingHandlerMapping - Mapped "{[/katalog/quick-search],methods=[GET]}" onto public org.springframework.web.servlet.ModelAndView org.dragberry.eshop.controller.product.ProductController.quickSearch(java.lang.String,java.util.Locale)
2018-Nov-04 12:03:42 PM [main] INFO  org.springframework.web.servlet.mvc.method.annotation.RequestMappingHandlerMapping - Mapped "{[/katalog/search/filter],methods=[GET]}" onto public org.springframework.web.servlet.ModelAndView org.dragberry.eshop.controller.product.ProductController.filterSearchResults(java.lang.String)
2018-Nov-04 12:03:42 PM [main] INFO  org.springframework.web.servlet.mvc.method.annotation.RequestMappingHandlerMapping - Mapped "{[/images/{folder}/{imageName:.+}],methods=[GET]}" onto public void org.dragberry.eshop.controller.product.ProductController.getImage(javax.servlet.http.HttpServletResponse,java.lang.String,java.lang.String) throws java.io.IOException
2018-Nov-04 12:03:42 PM [main] INFO  org.springframework.web.servlet.mvc.method.annotation.RequestMappingHandlerMapping - Mapped "{[/images/{productKey}/{productArticle}/{imageName:.+}],methods=[GET]}" onto public void org.dragberry.eshop.controller.product.ProductController.getProductImage(javax.servlet.http.HttpServletResponse,java.lang.Long,java.lang.String,java.lang.String) throws java.io.IOException
2018-Nov-04 12:03:42 PM [main] INFO  org.springframework.web.servlet.mvc.method.annotation.RequestMappingHandlerMapping - Mapped "{[/katalog/filter],methods=[GET]}" onto public org.springframework.web.servlet.ModelAndView org.dragberry.eshop.controller.product.ProductController.filterAll()
2018-Nov-04 12:03:42 PM [main] INFO  org.springframework.web.servlet.mvc.method.annotation.RequestMappingHandlerMapping - Mapped "{[/katalog],methods=[GET]}" onto public org.springframework.web.servlet.ModelAndView org.dragberry.eshop.controller.product.ProductController.catalogAll()
2018-Nov-04 12:03:42 PM [main] INFO  org.springframework.web.servlet.mvc.method.annotation.RequestMappingHandlerMapping - Mapped "{[/product/add-comment],methods=[POST]}" onto public org.dragberry.eshop.common.ResultTO<?> org.dragberry.eshop.controller.product.ProductController.addComment(org.dragberry.eshop.model.comment.ProductCommentRequest,javax.servlet.http.HttpServletRequest,java.util.Locale)
2018-Nov-04 12:03:42 PM [main] INFO  org.springframework.web.servlet.mvc.method.annotation.RequestMappingHandlerMapping - Mapped "{[/admin/refresh],methods=[GET]}" onto public org.springframework.http.ResponseEntity<?> org.dragberry.eshop.cms.controller.AuthenticationController.refreshAndGetAuthenticationToken(javax.servlet.http.HttpServletRequest)
2018-Nov-04 12:03:42 PM [main] INFO  org.springframework.web.servlet.mvc.method.annotation.RequestMappingHandlerMapping - Mapped "{[/admin/login],methods=[POST]}" onto public org.springframework.http.ResponseEntity<?> org.dragberry.eshop.cms.controller.AuthenticationController.createAuthenticationToken(org.dragberry.eshop.cms.security.JwtAuthenticationRequest,org.springframework.mobile.device.Device) throws org.springframework.security.core.AuthenticationException
2018-Nov-04 12:03:42 PM [main] INFO  org.springframework.web.servlet.mvc.method.annotation.RequestMappingHandlerMapping - Mapped "{[/admin/orders/{id}],methods=[GET]}" onto public org.dragberry.eshop.cms.model.OrderDetailsTO org.dragberry.eshop.cms.controller.OrderController.getOrderDetails(java.lang.Long)
2018-Nov-04 12:03:42 PM [main] INFO  org.springframework.web.servlet.mvc.method.annotation.RequestMappingHandlerMapping - Mapped "{[/admin/orders],methods=[GET]}" onto public org.dragberry.eshop.common.PageableList<org.dragberry.eshop.cms.model.OrderTO> org.dragberry.eshop.cms.controller.OrderController.getOrders(int,int,javax.servlet.http.HttpServletRequest)
2018-Nov-04 12:03:42 PM [main] INFO  org.springframework.web.servlet.mvc.method.annotation.RequestMappingHandlerMapping - Mapped "{[/admin/orders/{id}],methods=[PUT]}" onto public org.dragberry.eshop.common.ResultTO<org.dragberry.eshop.cms.model.OrderDetailsTO> org.dragberry.eshop.cms.controller.OrderController.updateDetails(java.lang.Long,org.dragberry.eshop.cms.model.OrderDetailsTO)
2018-Nov-04 12:03:42 PM [main] INFO  org.springframework.web.servlet.mvc.method.annotation.RequestMappingHandlerMapping - Mapped "{[/admin/payment/method/list],methods=[GET]}" onto public java.util.List<org.dragberry.eshop.model.payment.PaymentMethodTO> org.dragberry.eshop.cms.controller.PaymentController.getPaymentMethodList(org.dragberry.eshop.dal.entity.PaymentMethod$Status[])
2018-Nov-04 12:03:42 PM [main] INFO  org.springframework.web.servlet.mvc.method.annotation.RequestMappingHandlerMapping - Mapped "{[/admin/shipping/method/list],methods=[GET]}" onto public java.util.List<org.dragberry.eshop.model.shipping.ShippingMethodTO> org.dragberry.eshop.cms.controller.ShippingController.getShippingMethodList(org.dragberry.eshop.dal.entity.ShippingMethod$Status[])
2018-Nov-04 12:03:42 PM [main] INFO  org.springframework.web.servlet.mvc.method.annotation.RequestMappingHandlerMapping - Mapped "{[/error]}" onto public org.springframework.http.ResponseEntity<java.util.Map<java.lang.String, java.lang.Object>> org.springframework.boot.autoconfigure.web.servlet.error.BasicErrorController.error(javax.servlet.http.HttpServletRequest)
2018-Nov-04 12:03:42 PM [main] INFO  org.springframework.web.servlet.mvc.method.annotation.RequestMappingHandlerMapping - Mapped "{[/error],produces=[text/html]}" onto public org.springframework.web.servlet.ModelAndView org.springframework.boot.autoconfigure.web.servlet.error.BasicErrorController.errorHtml(javax.servlet.http.HttpServletRequest,javax.servlet.http.HttpServletResponse)
2018-Nov-04 12:03:42 PM [main] INFO  org.springframework.web.servlet.handler.SimpleUrlHandlerMapping - Mapped URL path [/**] onto handler of type [class org.springframework.web.servlet.resource.ResourceHttpRequestHandler]
2018-Nov-04 12:03:42 PM [main] INFO  org.springframework.web.servlet.mvc.method.annotation.RequestMappingHandlerAdapter - Looking for @ControllerAdvice: org.springframework.boot.web.servlet.context.AnnotationConfigServletWebServerApplicationContext@33aeca0b: startup date [Sun Nov 04 12:03:31 MSK 2018]; root of context hierarchy
2018-Nov-04 12:03:43 PM [main] INFO  org.springframework.boot.web.embedded.tomcat.TomcatWebServer - Tomcat started on port(s): 8090 (http) with context path ''
2018-Nov-04 12:03:43 PM [main] INFO  org.dragberry.eshop.application.Application - Started Application in 12.687 seconds (JVM running for 13.693)
2018-Nov-04 12:04:11 PM [http-nio-8090-exec-1] INFO  org.springframework.web.servlet.DispatcherServlet - FrameworkServlet 'dispatcherServlet': initialization started
2018-Nov-04 12:04:11 PM [http-nio-8090-exec-1] INFO  org.springframework.web.servlet.DispatcherServlet - FrameworkServlet 'dispatcherServlet': initialization completed in 22 ms
2018-Nov-04 12:04:11 PM [http-nio-8090-exec-1] WARN  org.dragberry.eshop.cms.security.JwtAuthenticationTokenFilter - couldn't find bearer string, will ignore the header
2018-Nov-04 12:04:11 PM [http-nio-8090-exec-1] INFO  org.dragberry.eshop.cms.security.JwtAuthenticationTokenFilter - checking authentication for user null
2018-Nov-04 12:14:37 PM [Thread-2] INFO  org.springframework.boot.web.servlet.context.AnnotationConfigServletWebServerApplicationContext - Closing org.springframework.boot.web.servlet.context.AnnotationConfigServletWebServerApplicationContext@33aeca0b: startup date [Sun Nov 04 12:03:31 MSK 2018]; root of context hierarchy
